<?xml version="1.0" encoding="UTF-8"?>
<!-- Generated by org.testng.reporters.JUnitReportReporter -->
<testsuite hostname="DESKTOP-1G9HVTV" name="com.testingworld.qa.testcases.AddCustomerTest" tests="4" failures="0" timestamp="7 Jul 2021 20:43:31 GMT" time="36.131" errors="0">
  <testcase name="enterDetailsTest" time="9.125" classname="com.testingworld.qa.testcases.AddCustomerTest"/>
  <testcase name="enterDetailsTest" time="8.898" classname="com.testingworld.qa.testcases.AddCustomerTest"/>
  <testcase name="enterDetailsTest" time="10.443" classname="com.testingworld.qa.testcases.AddCustomerTest"/>
  <testcase name="verifyAddCustomerTitleTest" time="7.665" classname="com.testingworld.qa.testcases.AddCustomerTest"/>
</testsuite> <!-- com.testingworld.qa.testcases.AddCustomerTest -->
