<?xml version="1.0" encoding="UTF-8"?>
<!-- Generated by org.testng.reporters.JUnitReportReporter -->
<testsuite hostname="DESKTOP-1G9HVTV" name="com.testingworld.qa.testcases.HomeTest" tests="4" failures="0" timestamp="8 Jul 2021 18:26:58 GMT" time="31.419" errors="0">
  <testcase name="verifyHomeTitleTest" time="7.356" classname="com.testingworld.qa.testcases.HomeTest"/>
  <testcase name="clickMyAccountTest" time="7.328" classname="com.testingworld.qa.testcases.HomeTest"/>
  <testcase name="verifyUsernameTest" time="7.883" classname="com.testingworld.qa.testcases.HomeTest"/>
  <testcase name="clickManageCustomerTest" time="8.852" classname="com.testingworld.qa.testcases.HomeTest"/>
</testsuite> <!-- com.testingworld.qa.testcases.HomeTest -->
