<?xml version="1.0" encoding="UTF-8"?>
<!-- Generated by org.testng.reporters.JUnitReportReporter -->
<testsuite hostname="DESKTOP-1G9HVTV" name="com.testingworld.qa.testcases.LoginTest" tests="4" failures="0" timestamp="8 Jul 2021 18:26:58 GMT" time="24.881" errors="0">
  <testcase name="LoginTest" time="7.170" classname="com.testingworld.qa.testcases.LoginTest"/>
  <testcase name="LoginTabTest" time="8.528" classname="com.testingworld.qa.testcases.LoginTest"/>
  <testcase name="LoginTitleTest" time="4.497" classname="com.testingworld.qa.testcases.LoginTest"/>
  <testcase name="TestingWorldImageTest" time="4.686" classname="com.testingworld.qa.testcases.LoginTest"/>
</testsuite> <!-- com.testingworld.qa.testcases.LoginTest -->
